<?xml version="1.0" encoding="UTF-8"?>
<testsuite name="org.fisco.bcos.server.Channel2Client" tests="1" skipped="0" failures="0" errors="0" timestamp="2020-06-16T16:16:36" hostname="DESKTOP-RI4L4M0" time="7.147">
  <properties/>
  <testcase name="channel2ClientTest" classname="org.fisco.bcos.server.Channel2Client" time="7.147"/>
  <system-out><![CDATA[2020-06-17 00:16:36,052 [Test worker] INFO  [o.s.b.t.context.SpringBootTestContextBootstrapper] AbstractTestContextBootstrapper.java:308 - Neither @ContextConfiguration nor @ContextHierarchy found for test class [org.fisco.bcos.server.Channel2Client], using SpringBootContextLoader
2020-06-17 00:16:36,057 [Test worker] INFO  [o.s.test.context.support.AbstractContextLoader] AbstractContextLoader.java:264 - Could not detect default resource locations for test class [org.fisco.bcos.server.Channel2Client]: no resource found for suffixes {-context.xml, Context.groovy}.
2020-06-17 00:16:36,086 [Test worker] INFO  [o.s.b.t.context.SpringBootTestContextBootstrapper] AbstractTestContextBootstrapper.java:248 - Loaded default TestExecutionListener class names from location [META-INF/spring.factories]: [org.springframework.boot.test.autoconfigure.restdocs.RestDocsTestExecutionListener, org.springframework.boot.test.autoconfigure.web.client.MockRestServiceServerResetTestExecutionListener, org.springframework.boot.test.autoconfigure.web.servlet.MockMvcPrintOnlyOnFailureTestExecutionListener, org.springframework.boot.test.autoconfigure.web.servlet.WebDriverTestExecutionListener, org.springframework.boot.test.mock.mockito.MockitoTestExecutionListener, org.springframework.boot.test.mock.mockito.ResetMocksTestExecutionListener, org.springframework.test.context.web.ServletTestExecutionListener, org.springframework.test.context.support.DirtiesContextBeforeModesTestExecutionListener, org.springframework.test.context.support.DependencyInjectionTestExecutionListener, org.springframework.test.context.support.DirtiesContextTestExecutionListener, org.springframework.test.context.transaction.TransactionalTestExecutionListener, org.springframework.test.context.jdbc.SqlScriptsTestExecutionListener]
2020-06-17 00:16:36,091 [Test worker] INFO  [o.s.b.t.context.SpringBootTestContextBootstrapper] AbstractTestContextBootstrapper.java:177 - Using TestExecutionListeners: [org.springframework.test.context.support.DirtiesContextBeforeModesTestExecutionListener@245f0a07, org.springframework.boot.test.mock.mockito.MockitoTestExecutionListener@16d50ccb, org.springframework.boot.test.autoconfigure.SpringBootDependencyInjectionTestExecutionListener@79d949, org.springframework.test.context.support.DirtiesContextTestExecutionListener@79697ee4, org.springframework.test.context.transaction.TransactionalTestExecutionListener@253a4cfc, org.springframework.test.context.jdbc.SqlScriptsTestExecutionListener@1bb7afc4, org.springframework.boot.test.autoconfigure.restdocs.RestDocsTestExecutionListener@554a8e6a, org.springframework.boot.test.autoconfigure.web.client.MockRestServiceServerResetTestExecutionListener@67e64479, org.springframework.boot.test.autoconfigure.web.servlet.MockMvcPrintOnlyOnFailureTestExecutionListener@104cb9d5, org.springframework.boot.test.autoconfigure.web.servlet.WebDriverTestExecutionListener@3623ed97, org.springframework.boot.test.mock.mockito.ResetMocksTestExecutionListener@371b0ce7]
3s ...
2s ...
1s ...
start test
===================================================================
2020-06-17 00:16:41 request seq:25ca655ceea24cc59a4f0f968225c9b9, Content:request seq:25ca655ceea24cc59a4f0f968225c9b9
2020-06-17 00:16:41,181 [Test worker] INFO  [org.fisco.bcos.channel.client.Service] Service.java:644 - msgid:25ca655ceea24cc59a4f0f968225c9b9 type:48 topic:topic
2020-06-17 00:16:41,191 [Test worker] INFO  [org.fisco.bcos.channel.client.Service] Service.java:682 - put msgid:25ca655ceea24cc59a4f0f968225c9b9 into callback map
2020-06-17 00:16:41,196 [Test worker] INFO  [org.fisco.bcos.channel.client.Service] Service.java:686 - timeoutms:5000
2020-06-17 00:16:41response seq:25ca655ceea24cc59a4f0f968225c9b9, ErrorCode:100, Content:null
2020-06-17 00:16:43 request seq:7889e662670847d88d056878925d6125, Content:request seq:7889e662670847d88d056878925d6125
2020-06-17 00:16:43,226 [Test worker] INFO  [org.fisco.bcos.channel.client.Service] Service.java:644 - msgid:7889e662670847d88d056878925d6125 type:48 topic:topic
2020-06-17 00:16:43,229 [Test worker] INFO  [org.fisco.bcos.channel.client.Service] Service.java:682 - put msgid:7889e662670847d88d056878925d6125 into callback map
2020-06-17 00:16:43,232 [Test worker] INFO  [org.fisco.bcos.channel.client.Service] Service.java:686 - timeoutms:5000
2020-06-17 00:16:43response seq:7889e662670847d88d056878925d6125, ErrorCode:100, Content:null
]]></system-out>
  <system-err><![CDATA[]]></system-err>
</testsuite>
