<?xml version="1.0" encoding="UTF-8"?>
<testsuite name="org.fisco.bcos.server.Channel2Server" tests="1" skipped="0" failures="0" errors="0" timestamp="2020-06-16T16:16:43" hostname="DESKTOP-RI4L4M0" time="3.024">
  <properties/>
  <testcase name="channel2ServerTest" classname="org.fisco.bcos.server.Channel2Server" time="3.024"/>
  <system-out><![CDATA[2020-06-17 00:16:43,273 [Test worker] INFO  [o.s.b.t.context.SpringBootTestContextBootstrapper] AbstractTestContextBootstrapper.java:308 - Neither @ContextConfiguration nor @ContextHierarchy found for test class [org.fisco.bcos.server.Channel2Server], using SpringBootContextLoader
2020-06-17 00:16:43,281 [Test worker] INFO  [o.s.test.context.support.AbstractContextLoader] AbstractContextLoader.java:264 - Could not detect default resource locations for test class [org.fisco.bcos.server.Channel2Server]: no resource found for suffixes {-context.xml, Context.groovy}.
2020-06-17 00:16:43,308 [Test worker] INFO  [o.s.b.t.context.SpringBootTestContextBootstrapper] AbstractTestContextBootstrapper.java:248 - Loaded default TestExecutionListener class names from location [META-INF/spring.factories]: [org.springframework.boot.test.autoconfigure.restdocs.RestDocsTestExecutionListener, org.springframework.boot.test.autoconfigure.web.client.MockRestServiceServerResetTestExecutionListener, org.springframework.boot.test.autoconfigure.web.servlet.MockMvcPrintOnlyOnFailureTestExecutionListener, org.springframework.boot.test.autoconfigure.web.servlet.WebDriverTestExecutionListener, org.springframework.boot.test.mock.mockito.MockitoTestExecutionListener, org.springframework.boot.test.mock.mockito.ResetMocksTestExecutionListener, org.springframework.test.context.web.ServletTestExecutionListener, org.springframework.test.context.support.DirtiesContextBeforeModesTestExecutionListener, org.springframework.test.context.support.DependencyInjectionTestExecutionListener, org.springframework.test.context.support.DirtiesContextTestExecutionListener, org.springframework.test.context.transaction.TransactionalTestExecutionListener, org.springframework.test.context.jdbc.SqlScriptsTestExecutionListener]
2020-06-17 00:16:43,318 [Test worker] INFO  [o.s.b.t.context.SpringBootTestContextBootstrapper] AbstractTestContextBootstrapper.java:177 - Using TestExecutionListeners: [org.springframework.test.context.support.DirtiesContextBeforeModesTestExecutionListener@709b17b2, org.springframework.boot.test.mock.mockito.MockitoTestExecutionListener@6dd509bb, org.springframework.boot.test.autoconfigure.SpringBootDependencyInjectionTestExecutionListener@2ac59d8d, org.springframework.test.context.support.DirtiesContextTestExecutionListener@6bc8947b, org.springframework.test.context.transaction.TransactionalTestExecutionListener@43463837, org.springframework.test.context.jdbc.SqlScriptsTestExecutionListener@61b6935, org.springframework.boot.test.autoconfigure.restdocs.RestDocsTestExecutionListener@34b58e, org.springframework.boot.test.autoconfigure.web.client.MockRestServiceServerResetTestExecutionListener@2f7092bf, org.springframework.boot.test.autoconfigure.web.servlet.MockMvcPrintOnlyOnFailureTestExecutionListener@5d0590e6, org.springframework.boot.test.autoconfigure.web.servlet.WebDriverTestExecutionListener@8a18b2, org.springframework.boot.test.mock.mockito.ResetMocksTestExecutionListener@25b745e8]
3s...
2s...
1s...
start test
===================================================================
]]></system-out>
  <system-err><![CDATA[]]></system-err>
</testsuite>
