<?xml version="1.0" encoding="UTF-8"?>
<testsuite name="org.fisco.bcos.Web3jApiTest" tests="1" skipped="0" failures="0" errors="0" timestamp="2020-06-16T16:16:46" hostname="DESKTOP-RI4L4M0" time="0.037">
  <properties/>
  <testcase name="getBlockNumber" classname="org.fisco.bcos.Web3jApiTest" time="0.037"/>
  <system-out><![CDATA[2020-06-17 00:16:46,370 [Test worker] INFO  [o.s.b.t.context.SpringBootTestContextBootstrapper] AbstractTestContextBootstrapper.java:308 - Neither @ContextConfiguration nor @ContextHierarchy found for test class [org.fisco.bcos.Web3jApiTest], using SpringBootContextLoader
2020-06-17 00:16:46,381 [Test worker] INFO  [o.s.test.context.support.AbstractContextLoader] AbstractContextLoader.java:264 - Could not detect default resource locations for test class [org.fisco.bcos.Web3jApiTest]: no resource found for suffixes {-context.xml, Context.groovy}.
2020-06-17 00:16:46,404 [Test worker] INFO  [o.s.b.t.context.SpringBootTestContextBootstrapper] AbstractTestContextBootstrapper.java:248 - Loaded default TestExecutionListener class names from location [META-INF/spring.factories]: [org.springframework.boot.test.autoconfigure.restdocs.RestDocsTestExecutionListener, org.springframework.boot.test.autoconfigure.web.client.MockRestServiceServerResetTestExecutionListener, org.springframework.boot.test.autoconfigure.web.servlet.MockMvcPrintOnlyOnFailureTestExecutionListener, org.springframework.boot.test.autoconfigure.web.servlet.WebDriverTestExecutionListener, org.springframework.boot.test.mock.mockito.MockitoTestExecutionListener, org.springframework.boot.test.mock.mockito.ResetMocksTestExecutionListener, org.springframework.test.context.web.ServletTestExecutionListener, org.springframework.test.context.support.DirtiesContextBeforeModesTestExecutionListener, org.springframework.test.context.support.DependencyInjectionTestExecutionListener, org.springframework.test.context.support.DirtiesContextTestExecutionListener, org.springframework.test.context.transaction.TransactionalTestExecutionListener, org.springframework.test.context.jdbc.SqlScriptsTestExecutionListener]
2020-06-17 00:16:46,412 [Test worker] INFO  [o.s.b.t.context.SpringBootTestContextBootstrapper] AbstractTestContextBootstrapper.java:177 - Using TestExecutionListeners: [org.springframework.test.context.support.DirtiesContextBeforeModesTestExecutionListener@3012adc6, org.springframework.boot.test.mock.mockito.MockitoTestExecutionListener@70df30c9, org.springframework.boot.test.autoconfigure.SpringBootDependencyInjectionTestExecutionListener@581531ad, org.springframework.test.context.support.DirtiesContextTestExecutionListener@5ea87c9b, org.springframework.test.context.transaction.TransactionalTestExecutionListener@7bf18615, org.springframework.test.context.jdbc.SqlScriptsTestExecutionListener@7221b8da, org.springframework.boot.test.autoconfigure.restdocs.RestDocsTestExecutionListener@3c8776a, org.springframework.boot.test.autoconfigure.web.client.MockRestServiceServerResetTestExecutionListener@1e199f2c, org.springframework.boot.test.autoconfigure.web.servlet.MockMvcPrintOnlyOnFailureTestExecutionListener@69af63d4, org.springframework.boot.test.autoconfigure.web.servlet.WebDriverTestExecutionListener@1637f153, org.springframework.boot.test.mock.mockito.ResetMocksTestExecutionListener@5604b7d8]
]]></system-out>
  <system-err><![CDATA[]]></system-err>
</testsuite>
