<?xml version="1.0" encoding="UTF-8"?>
<testsuite name="org.fisco.bcos.PrecompiledServiceApiTest" tests="1" skipped="0" failures="0" errors="0" timestamp="2020-06-16T16:16:35" hostname="DESKTOP-RI4L4M0" time="0.418">
  <properties/>
  <testcase name="testSystemConfigService" classname="org.fisco.bcos.PrecompiledServiceApiTest" time="0.418"/>
  <system-out><![CDATA[2020-06-17 00:16:35,562 [Test worker] INFO  [o.s.b.t.context.SpringBootTestContextBootstrapper] AbstractTestContextBootstrapper.java:308 - Neither @ContextConfiguration nor @ContextHierarchy found for test class [org.fisco.bcos.PrecompiledServiceApiTest], using SpringBootContextLoader
2020-06-17 00:16:35,569 [Test worker] INFO  [o.s.test.context.support.AbstractContextLoader] AbstractContextLoader.java:264 - Could not detect default resource locations for test class [org.fisco.bcos.PrecompiledServiceApiTest]: no resource found for suffixes {-context.xml, Context.groovy}.
2020-06-17 00:16:35,607 [Test worker] INFO  [o.s.b.t.context.SpringBootTestContextBootstrapper] AbstractTestContextBootstrapper.java:248 - Loaded default TestExecutionListener class names from location [META-INF/spring.factories]: [org.springframework.boot.test.autoconfigure.restdocs.RestDocsTestExecutionListener, org.springframework.boot.test.autoconfigure.web.client.MockRestServiceServerResetTestExecutionListener, org.springframework.boot.test.autoconfigure.web.servlet.MockMvcPrintOnlyOnFailureTestExecutionListener, org.springframework.boot.test.autoconfigure.web.servlet.WebDriverTestExecutionListener, org.springframework.boot.test.mock.mockito.MockitoTestExecutionListener, org.springframework.boot.test.mock.mockito.ResetMocksTestExecutionListener, org.springframework.test.context.web.ServletTestExecutionListener, org.springframework.test.context.support.DirtiesContextBeforeModesTestExecutionListener, org.springframework.test.context.support.DependencyInjectionTestExecutionListener, org.springframework.test.context.support.DirtiesContextTestExecutionListener, org.springframework.test.context.transaction.TransactionalTestExecutionListener, org.springframework.test.context.jdbc.SqlScriptsTestExecutionListener]
2020-06-17 00:16:35,613 [Test worker] INFO  [o.s.b.t.context.SpringBootTestContextBootstrapper] AbstractTestContextBootstrapper.java:177 - Using TestExecutionListeners: [org.springframework.test.context.support.DirtiesContextBeforeModesTestExecutionListener@5e6e18e3, org.springframework.boot.test.mock.mockito.MockitoTestExecutionListener@281fd76e, org.springframework.boot.test.autoconfigure.SpringBootDependencyInjectionTestExecutionListener@102c55bf, org.springframework.test.context.support.DirtiesContextTestExecutionListener@4d932285, org.springframework.test.context.transaction.TransactionalTestExecutionListener@639482d4, org.springframework.test.context.jdbc.SqlScriptsTestExecutionListener@35e69d6f, org.springframework.boot.test.autoconfigure.restdocs.RestDocsTestExecutionListener@4795b7c1, org.springframework.boot.test.autoconfigure.web.client.MockRestServiceServerResetTestExecutionListener@13c622bc, org.springframework.boot.test.autoconfigure.web.servlet.MockMvcPrintOnlyOnFailureTestExecutionListener@54038032, org.springframework.boot.test.autoconfigure.web.servlet.WebDriverTestExecutionListener@550f6238, org.springframework.boot.test.mock.mockito.ResetMocksTestExecutionListener@3f4efce7]
2020-06-17 00:16:35,945 [nioEventLoopGroup-2-1] INFO  [org.fisco.bcos.channel.client.Service] Service.java:1388 - Receive block notify: {"blockNumber":3,"groupID":1}

2020-06-17 00:16:35,945 [nioEventLoopGroup-2-2] INFO  [org.fisco.bcos.channel.client.Service] Service.java:1388 - Receive block notify: {"blockNumber":3,"groupID":1}

2000
]]></system-out>
  <system-err><![CDATA[]]></system-err>
</testsuite>
